12:56:27 **** Incremental Build of configuration Debug for project F407_microros ****
make -j8 all 
docker pull microros/micro_ros_static_library_builder:humble && docker run --rm -v /home/emirhan/STM32CubeIDE/workspace_1.13.1/F407_microros:/project --env MICROROS_LIBRARY_FOLDER=micro_ros_stm32cubemx_utils/microros_static_library_ide microros/micro_ros_static_library_builder:humble
humble: Pulling from microros/micro_ros_static_library_builder
Digest: sha256:3c13fee7e7d6814ebc87c7ccd4c5d7592310b8adc86c5ff2a1f4de179776a0fb
Status: Image is up to date for microros/micro_ros_static_library_builder:humble
docker.io/microros/micro_ros_static_library_builder:humble
dos2unix: converting file /project/micro_ros_stm32cubemx_utils/microros_static_library_ide/library_generation/library_generation.sh to Unix format...
micro-ROS library found. Skipping...
Delete micro_ros_stm32cubemx_utils/microros_static_library_ide/libmicroros/ for rebuild.
 
arm-none-eabi-gcc "../Core/Src/microros_transports/dma_transport.c" -mcpu=cortex-m4 -std=gnu11 -g3 -DDEBUG -DUSE_HAL_DRIVER -DSTM32F407xx -c -I../USB_HOST/App -I../micro_ros_stm32cubemx_utils/microros_static_library_ide/libmicroros/include -I../USB_HOST/Target -I../Core/Inc -I../Drivers/STM32F4xx_HAL_Driver/Inc -I../Drivers/STM32F4xx_HAL_Driver/Inc/Legacy -I../Middlewares/ST/STM32_USB_Host_Library/Core/Inc -I../Middlewares/ST/STM32_USB_Host_Library/Class/CDC/Inc -I../Drivers/CMSIS/Device/ST/STM32F4xx/Include -I../Drivers/CMSIS/Include -I../Middlewares/Third_Party/FreeRTOS/Source/include -I../Middlewares/Third_Party/FreeRTOS/Source/CMSIS_RTOS_V2 -I../Middlewares/Third_Party/FreeRTOS/Source/portable/GCC/ARM_CM4F -O0 -ffunction-sections -fdata-sections -Wall -fstack-usage -fcyclomatic-complexity -MMD -MP -MF"Core/Src/microros_transports/dma_transport.d" -MT"Core/Src/microros_transports/dma_transport.o" --specs=nano.specs -mfpu=fpv4-sp-d16 -mfloat-abi=hard -mthumb -o "Core/Src/microros_transports/dma_transport.o"
arm-none-eabi-gcc "../Core/Src/main.c" -mcpu=cortex-m4 -std=gnu11 -g3 -DDEBUG -DUSE_HAL_DRIVER -DSTM32F407xx -c -I../USB_HOST/App -I../micro_ros_stm32cubemx_utils/microros_static_library_ide/libmicroros/include -I../USB_HOST/Target -I../Core/Inc -I../Drivers/STM32F4xx_HAL_Driver/Inc -I../Drivers/STM32F4xx_HAL_Driver/Inc/Legacy -I../Middlewares/ST/STM32_USB_Host_Library/Core/Inc -I../Middlewares/ST/STM32_USB_Host_Library/Class/CDC/Inc -I../Drivers/CMSIS/Device/ST/STM32F4xx/Include -I../Drivers/CMSIS/Include -I../Middlewares/Third_Party/FreeRTOS/Source/include -I../Middlewares/Third_Party/FreeRTOS/Source/CMSIS_RTOS_V2 -I../Middlewares/Third_Party/FreeRTOS/Source/portable/GCC/ARM_CM4F -O0 -ffunction-sections -fdata-sections -Wall -fstack-usage -fcyclomatic-complexity -MMD -MP -MF"Core/Src/main.d" -MT"Core/Src/main.o" --specs=nano.specs -mfpu=fpv4-sp-d16 -mfloat-abi=hard -mthumb -o "Core/Src/main.o"
../Core/Src/microros_transports/dma_transport.c: In function 'cubemx_transport_open':
../Core/Src/microros_transports/dma_transport.c:22:5: error: unknown type name 'UART_HandleTypeDef'; did you mean 'ADC_HandleTypeDef'?
   22 |     UART_HandleTypeDef * uart = (UART_HandleTypeDef*) transport->args;
      |     ^~~~~~~~~~~~~~~~~~
      |     ADC_HandleTypeDef
../Core/Src/main.c: In function 'StartDefaultTask':
../Core/Src/main.c:551:17: error: 'huart2' undeclared (first use in this function)
  551 |       (void *) &huart2,
      |                 ^~~~~~
../Core/Src/main.c:551:17: note: each undeclared identifier is reported only once for each function it appears in
make[1]: *** [Core/Src/subdir.mk:46: Core/Src/main.o] Error 1
make[1]: *** Waiting for unfinished jobs....
../Core/Src/microros_transports/dma_transport.c:22:34: error: 'UART_HandleTypeDef' undeclared (first use in this function); did you mean 'ADC_HandleTypeDef'?
   22 |     UART_HandleTypeDef * uart = (UART_HandleTypeDef*) transport->args;
      |                                  ^~~~~~~~~~~~~~~~~~
      |                                  ADC_HandleTypeDef
../Core/Src/microros_transports/dma_transport.c:22:34: note: each undeclared identifier is reported only once for each function it appears in
../Core/Src/microros_transports/dma_transport.c:22:53: error: expected expression before ')' token
   22 |     UART_HandleTypeDef * uart = (UART_HandleTypeDef*) transport->args;
      |                                                     ^
../Core/Src/microros_transports/dma_transport.c:23:5: warning: implicit declaration of function 'HAL_UART_Receive_DMA'; did you mean 'HAL_SPI_Receive_DMA'? [-Wimplicit-function-declaration]
   23 |     HAL_UART_Receive_DMA(uart, dma_buffer, UART_DMA_BUFFER_SIZE);
      |     ^~~~~~~~~~~~~~~~~~~~
      |     HAL_SPI_Receive_DMA
../Core/Src/microros_transports/dma_transport.c: In function 'cubemx_transport_close':
../Core/Src/microros_transports/dma_transport.c:28:5: error: unknown type name 'UART_HandleTypeDef'; did you mean 'ADC_HandleTypeDef'?
   28 |     UART_HandleTypeDef * uart = (UART_HandleTypeDef*) transport->args;
      |     ^~~~~~~~~~~~~~~~~~
      |     ADC_HandleTypeDef
../Core/Src/microros_transports/dma_transport.c:28:34: error: 'UART_HandleTypeDef' undeclared (first use in this function); did you mean 'ADC_HandleTypeDef'?
   28 |     UART_HandleTypeDef * uart = (UART_HandleTypeDef*) transport->args;
      |                                  ^~~~~~~~~~~~~~~~~~
      |                                  ADC_HandleTypeDef
../Core/Src/microros_transports/dma_transport.c:28:53: error: expected expression before ')' token
   28 |     UART_HandleTypeDef * uart = (UART_HandleTypeDef*) transport->args;
      |                                                     ^
../Core/Src/microros_transports/dma_transport.c:29:5: warning: implicit declaration of function 'HAL_UART_DMAStop'; did you mean 'HAL_SPI_DMAStop'? [-Wimplicit-function-declaration]
   29 |     HAL_UART_DMAStop(uart);
      |     ^~~~~~~~~~~~~~~~
      |     HAL_SPI_DMAStop
../Core/Src/microros_transports/dma_transport.c: In function 'cubemx_transport_write':
../Core/Src/microros_transports/dma_transport.c:34:5: error: unknown type name 'UART_HandleTypeDef'; did you mean 'ADC_HandleTypeDef'?
   34 |     UART_HandleTypeDef * uart = (UART_HandleTypeDef*) transport->args;
      |     ^~~~~~~~~~~~~~~~~~
      |     ADC_HandleTypeDef
../Core/Src/microros_transports/dma_transport.c:34:34: error: 'UART_HandleTypeDef' undeclared (first use in this function); did you mean 'ADC_HandleTypeDef'?
   34 |     UART_HandleTypeDef * uart = (UART_HandleTypeDef*) transport->args;
      |                                  ^~~~~~~~~~~~~~~~~~
      |                                  ADC_HandleTypeDef
../Core/Src/microros_transports/dma_transport.c:34:53: error: expected expression before ')' token
   34 |     UART_HandleTypeDef * uart = (UART_HandleTypeDef*) transport->args;
      |                                                     ^
../Core/Src/microros_transports/dma_transport.c:37:13: error: request for member 'gState' in something not a structure or union
   37 |     if (uart->gState == HAL_UART_STATE_READY){
      |             ^~
../Core/Src/microros_transports/dma_transport.c:37:25: error: 'HAL_UART_STATE_READY' undeclared (first use in this function); did you mean 'HAL_ADC_STATE_READY'?
   37 |     if (uart->gState == HAL_UART_STATE_READY){
      |                         ^~~~~~~~~~~~~~~~~~~~
      |                         HAL_ADC_STATE_READY
../Core/Src/microros_transports/dma_transport.c:38:15: warning: implicit declaration of function 'HAL_UART_Transmit_DMA'; did you mean 'HAL_SPI_Transmit_DMA'? [-Wimplicit-function-declaration]
   38 |         ret = HAL_UART_Transmit_DMA(uart, buf, len);
      |               ^~~~~~~~~~~~~~~~~~~~~
      |               HAL_SPI_Transmit_DMA
../Core/Src/microros_transports/dma_transport.c:39:37: error: request for member 'gState' in something not a structure or union
   39 |         while (ret == HAL_OK && uart->gState != HAL_UART_STATE_READY){
      |                                     ^~
../Core/Src/microros_transports/dma_transport.c: In function 'cubemx_transport_read':
../Core/Src/microros_transports/dma_transport.c:50:5: error: unknown type name 'UART_HandleTypeDef'; did you mean 'ADC_HandleTypeDef'?
   50 |     UART_HandleTypeDef * uart = (UART_HandleTypeDef*) transport->args;
      |     ^~~~~~~~~~~~~~~~~~
      |     ADC_HandleTypeDef
../Core/Src/microros_transports/dma_transport.c:50:34: error: 'UART_HandleTypeDef' undeclared (first use in this function); did you mean 'ADC_HandleTypeDef'?
   50 |     UART_HandleTypeDef * uart = (UART_HandleTypeDef*) transport->args;
      |                                  ^~~~~~~~~~~~~~~~~~
      |                                  ADC_HandleTypeDef
../Core/Src/microros_transports/dma_transport.c:50:53: error: expected expression before ')' token
   50 |     UART_HandleTypeDef * uart = (UART_HandleTypeDef*) transport->args;
      |                                                     ^
In file included from ../Core/Inc/stm32f4xx_hal_conf.h:287,
                 from ../Drivers/STM32F4xx_HAL_Driver/Inc/stm32f4xx_hal.h:29,
                 from ../Core/Inc/main.h:30,
                 from ../Core/Src/microros_transports/dma_transport.c:5:
../Core/Src/microros_transports/dma_transport.c:56:69: error: request for member 'hdmarx' in something not a structure or union
   56 |         dma_tail = UART_DMA_BUFFER_SIZE - __HAL_DMA_GET_COUNTER(uart->hdmarx);
      |                                                                     ^~
../Drivers/STM32F4xx_HAL_Driver/Inc/stm32f4xx_hal_dma.h:635:45: note: in definition of macro '__HAL_DMA_GET_COUNTER'
  635 | #define __HAL_DMA_GET_COUNTER(__HANDLE__) ((__HANDLE__)->Instance->NDTR)
      |                                             ^~~~~~~~~~
../Core/Src/microros_transports/dma_transport.c: In function 'cubemx_transport_write':
../Core/Src/microros_transports/dma_transport.c:47:1: warning: control reaches end of non-void function [-Wreturn-type]
   47 | }
      | ^
make[1]: *** [Core/Src/microros_transports/subdir.mk:19: Core/Src/microros_transports/dma_transport.o] Error 1
make: *** [makefile:67: all] Error 2
"make -j8 all" terminated with exit code 2. Build might be incomplete.

12:56:31 Build Failed. 21 errors, 4 warnings. (took 3s.643ms)

